<?xml version='1.0' encoding='UTF-8'?>
<testsuite hostname="runnervmf4ws1" name="nl.gn0s1s.akka.http.scaladsl.testkit.munit.MunitRouteTestSpec" tests="11" errors="0" failures="0" skipped="0" time="0.719" timestamp="2025-09-23T14:15:42">
          <properties>
[...]
</properties>
          <testcase classname="nl.gn0s1s.akka.http.scaladsl.testkit.munit.MunitRouteTestSpec" name="The MunitRouteTest should support the most simple and direct route test" time="0.182">
                      
                    </testcase><testcase classname="nl.gn0s1s.akka.http.scaladsl.testkit.munit.MunitRouteTestSpec" name="The MunitRouteTest should support a test using a directive and some checks" time="0.023">
                      
                    </testcase><testcase classname="nl.gn0s1s.akka.http.scaladsl.testkit.munit.MunitRouteTestSpec" name="The MunitRouteTest should support a test using ~!&gt; and some checks" time="0.448">
                      
                    </testcase><testcase classname="nl.gn0s1s.akka.http.scaladsl.testkit.munit.MunitRouteTestSpec" name="The MunitRouteTest should support test checking a route that returns infinite chunks" time="0.014">
                      
                    </testcase><testcase classname="nl.gn0s1s.akka.http.scaladsl.testkit.munit.MunitRouteTestSpec" name="The MunitRouteTest should support proper rejection collection" time="0.006">
                      
                    </testcase><testcase classname="nl.gn0s1s.akka.http.scaladsl.testkit.munit.MunitRouteTestSpec" name="The MunitRouteTest should support running on akka dispatcher threads" time="0.002">
                      
                    </testcase><testcase classname="nl.gn0s1s.akka.http.scaladsl.testkit.munit.MunitRouteTestSpec" name="The MunitRouteTest should support separation of route execution from checking" time="0.032">
                      
                    </testcase><testcase classname="nl.gn0s1s.akka.http.scaladsl.testkit.munit.MunitRouteTestSpec" name="The MunitRouteTest should support failing the test inside the route" time="0.005">
                      
                    </testcase><testcase classname="nl.gn0s1s.akka.http.scaladsl.testkit.munit.MunitRouteTestSpec" name="The MunitRouteTest should support throwing an AssertionError inside the route" time="0.002">
                      
                    </testcase><testcase classname="nl.gn0s1s.akka.http.scaladsl.testkit.munit.MunitRouteTestSpec" name="The MunitRouteTest should support internal server error" time="0.003">
                      
                    </testcase><testcase classname="nl.gn0s1s.akka.http.scaladsl.testkit.munit.MunitRouteTestSpec" name="The MunitRouteTest should fail if testing a HEAD request with ~&gt; and `transparent-head-request = on`" time="0.002">
                      
                    </testcase>
          <system-out><![CDATA[]]></system-out>
          <system-err><![CDATA[]]></system-err>
        </testsuite>